mode: set
github.com/aaronbushell1984/golangUdemy/11/exercisefour/exercisefour.go:7.45,9.2 1 1
github.com/aaronbushell1984/golangUdemy/11/exercisefour/exercisefour.go:15.81,17.2 1 1
github.com/aaronbushell1984/golangUdemy/11/exercisefour/exercisefour.go:20.58,23.2 2 1
github.com/aaronbushell1984/golangUdemy/11/exercisefour/exercisefour.go:26.55,28.2 1 1
github.com/aaronbushell1984/golangUdemy/11/exercisefour/exercisefour.go:31.68,33.2 1 1
github.com/aaronbushell1984/golangUdemy/11/exercisefour/exercisefour.go:36.49,38.2 1 1
github.com/aaronbushell1984/golangUdemy/11/exercisefour/exercisefour.go:41.45,43.2 1 1
github.com/aaronbushell1984/golangUdemy/11/exercisefour/exercisefour.go:48.80,50.40 2 1
github.com/aaronbushell1984/golangUdemy/11/exercisefour/exercisefour.go:53.2,53.10 1 1
github.com/aaronbushell1984/golangUdemy/11/exercisefour/exercisefour.go:50.40,52.3 1 1
github.com/aaronbushell1984/golangUdemy/11/exercisefour/exercisefour.go:64.78,66.2 1 1
github.com/aaronbushell1984/golangUdemy/11/exercisefour/exercisefour.go:69.99,72.2 2 1
github.com/aaronbushell1984/golangUdemy/11/exercisefour/exercisefour.go:75.64,76.33 1 1
github.com/aaronbushell1984/golangUdemy/11/exercisefour/exercisefour.go:79.2,79.14 1 1
github.com/aaronbushell1984/golangUdemy/11/exercisefour/exercisefour.go:76.33,78.3 1 1
github.com/aaronbushell1984/golangUdemy/11/exercisefour/exercisefour.go:83.72,84.39 1 1
github.com/aaronbushell1984/golangUdemy/11/exercisefour/exercisefour.go:84.39,86.3 1 1
github.com/aaronbushell1984/golangUdemy/12/structs/structs.go:26.35,31.2 2 1
github.com/aaronbushell1984/golangUdemy/12/structs/structs.go:34.29,39.2 2 1
github.com/aaronbushell1984/golangUdemy/12/structs/structs.go:54.33,62.2 2 1
github.com/aaronbushell1984/golangUdemy/12/structs/structs.go:71.35,79.2 2 1
github.com/aaronbushell1984/golangUdemy/12/structs/structs.go:111.56,119.29 2 1
github.com/aaronbushell1984/golangUdemy/12/structs/structs.go:122.2,122.21 1 1
github.com/aaronbushell1984/golangUdemy/12/structs/structs.go:119.29,121.3 1 1
github.com/aaronbushell1984/golangUdemy/12/structs/structs.go:141.43,148.2 2 1
github.com/aaronbushell1984/golangUdemy/10/arrays/arrays.go:7.46,10.2 2 1
github.com/aaronbushell1984/golangUdemy/10/arrays/arrays.go:15.85,16.9 1 1
github.com/aaronbushell1984/golangUdemy/10/arrays/arrays.go:22.2,24.38 3 1
github.com/aaronbushell1984/golangUdemy/10/arrays/arrays.go:17.32,18.47 1 1
github.com/aaronbushell1984/golangUdemy/10/arrays/arrays.go:19.25,20.92 1 1
github.com/aaronbushell1984/golangUdemy/10/arrays/arrays.go:30.41,32.2 1 1
github.com/aaronbushell1984/golangUdemy/13/exercisefive/exercisefive.go:52.39,73.2 6 1
github.com/aaronbushell1984/golangUdemy/13/exercisefive/exercisefive.go:82.48,104.2 4 1
github.com/aaronbushell1984/golangUdemy/13/exercisefive/exercisefive.go:111.59,113.27 2 1
github.com/aaronbushell1984/golangUdemy/13/exercisefive/exercisefive.go:116.2,116.20 1 1
github.com/aaronbushell1984/golangUdemy/13/exercisefive/exercisefive.go:113.27,115.3 1 1
github.com/aaronbushell1984/golangUdemy/13/exercisefive/exercisefive.go:127.70,129.30 2 1
github.com/aaronbushell1984/golangUdemy/13/exercisefive/exercisefive.go:132.2,132.18 1 1
github.com/aaronbushell1984/golangUdemy/13/exercisefive/exercisefive.go:129.30,131.3 1 1
github.com/aaronbushell1984/golangUdemy/13/exercisefive/exercisefive.go:136.55,144.2 1 0
github.com/aaronbushell1984/golangUdemy/13/exercisefive/exercisefive.go:147.53,155.2 1 1
github.com/aaronbushell1984/golangUdemy/13/exercisefive/exercisefive.go:161.64,173.2 2 1
github.com/aaronbushell1984/golangUdemy/10/slices/slices.go:10.50,12.9 2 1
github.com/aaronbushell1984/golangUdemy/10/slices/slices.go:16.2,16.39 1 1
github.com/aaronbushell1984/golangUdemy/10/slices/slices.go:13.35,14.31 1 1
github.com/aaronbushell1984/golangUdemy/10/slices/slices.go:20.59,22.2 1 1
github.com/aaronbushell1984/golangUdemy/10/slices/slices.go:30.47,34.2 3 1
github.com/aaronbushell1984/golangUdemy/10/slices/slices.go:41.68,43.2 1 1
github.com/aaronbushell1984/golangUdemy/10/slices/slices.go:54.58,56.2 1 1
github.com/aaronbushell1984/golangUdemy/10/slices/slices.go:61.85,63.2 1 1
github.com/aaronbushell1984/golangUdemy/10/slices/slices.go:66.42,68.2 1 1
github.com/aaronbushell1984/golangUdemy/10/slices/slices.go:71.40,73.2 1 1
github.com/aaronbushell1984/golangUdemy/10/slices/slices.go:91.57,93.2 1 1
github.com/aaronbushell1984/golangUdemy/10/slices/slices.go:103.76,105.2 1 1
github.com/aaronbushell1984/golangUdemy/10/slices/slices.go:108.58,109.33 1 1
github.com/aaronbushell1984/golangUdemy/10/slices/slices.go:112.2,112.14 1 1
github.com/aaronbushell1984/golangUdemy/10/slices/slices.go:109.33,111.3 1 1
github.com/aaronbushell1984/golangUdemy/10/slices/slices.go:116.49,118.2 1 1
github.com/aaronbushell1984/golangUdemy/10/slices/slices.go:121.66,123.28 2 1
github.com/aaronbushell1984/golangUdemy/10/slices/slices.go:126.2,126.10 1 1
github.com/aaronbushell1984/golangUdemy/10/slices/slices.go:123.28,125.3 1 1
github.com/aaronbushell1984/golangUdemy/10/slices/slices.go:130.63,131.36 1 1
github.com/aaronbushell1984/golangUdemy/10/slices/slices.go:131.36,133.3 1 1
github.com/aaronbushell1984/golangUdemy/14/anonymousfunctions/anonymousfunctions.go:11.33,13.9 2 1
github.com/aaronbushell1984/golangUdemy/14/anonymousfunctions/anonymousfunctions.go:16.2,16.15 1 1
github.com/aaronbushell1984/golangUdemy/14/anonymousfunctions/anonymousfunctions.go:13.9,15.3 1 1
github.com/aaronbushell1984/golangUdemy/14/callback/callback.go:5.33,7.28 2 1
github.com/aaronbushell1984/golangUdemy/14/callback/callback.go:10.2,10.14 1 1
github.com/aaronbushell1984/golangUdemy/14/callback/callback.go:7.28,9.3 1 1
github.com/aaronbushell1984/golangUdemy/14/callback/callback.go:14.36,16.28 2 1
github.com/aaronbushell1984/golangUdemy/14/callback/callback.go:21.2,21.14 1 1
github.com/aaronbushell1984/golangUdemy/14/callback/callback.go:16.28,17.27 1 1
github.com/aaronbushell1984/golangUdemy/14/callback/callback.go:17.27,19.4 1 1
github.com/aaronbushell1984/golangUdemy/14/callback/callback.go:34.70,36.2 1 1
github.com/aaronbushell1984/golangUdemy/14/callback/callback.go:39.35,41.28 2 1
github.com/aaronbushell1984/golangUdemy/14/callback/callback.go:46.2,46.13 1 1
github.com/aaronbushell1984/golangUdemy/14/callback/callback.go:41.28,42.27 1 1
github.com/aaronbushell1984/golangUdemy/14/callback/callback.go:42.27,44.4 1 1
github.com/aaronbushell1984/golangUdemy/14/callback/callback.go:52.36,54.2 1 1
github.com/aaronbushell1984/golangUdemy/14/closure/closure.go:15.29,17.20 2 1
github.com/aaronbushell1984/golangUdemy/14/closure/closure.go:17.20,20.3 2 1
github.com/aaronbushell1984/golangUdemy/14/methods/methods.go:11.55,17.2 1 1
github.com/aaronbushell1984/golangUdemy/14/methods/methods.go:21.28,24.2 2 1
github.com/aaronbushell1984/golangUdemy/14/interfaces/interfaces.go:16.55,22.2 1 1
github.com/aaronbushell1984/golangUdemy/14/interfaces/interfaces.go:26.28,29.2 2 1
github.com/aaronbushell1984/golangUdemy/14/funcexpression/funcexpression.go:13.29,14.30 1 1
github.com/aaronbushell1984/golangUdemy/14/funcexpression/funcexpression.go:17.2,17.21 1 1
github.com/aaronbushell1984/golangUdemy/14/funcexpression/funcexpression.go:14.30,16.3 1 1
github.com/aaronbushell1984/golangUdemy/14/deferexample/deferexample.go:7.32,9.18 2 1
github.com/aaronbushell1984/golangUdemy/14/deferexample/deferexample.go:12.2,12.19 1 1
github.com/aaronbushell1984/golangUdemy/14/deferexample/deferexample.go:15.2,17.15 3 1
github.com/aaronbushell1984/golangUdemy/14/deferexample/deferexample.go:9.18,11.3 1 1
github.com/aaronbushell1984/golangUdemy/14/deferexample/deferexample.go:12.19,14.3 1 1
github.com/aaronbushell1984/golangUdemy/14/deferexample/deferexample.go:25.32,27.18 2 1
github.com/aaronbushell1984/golangUdemy/14/deferexample/deferexample.go:30.2,30.19 1 1
github.com/aaronbushell1984/golangUdemy/14/deferexample/deferexample.go:33.2,35.15 3 1
github.com/aaronbushell1984/golangUdemy/14/deferexample/deferexample.go:27.18,29.3 1 1
github.com/aaronbushell1984/golangUdemy/14/deferexample/deferexample.go:30.19,32.3 1 1
github.com/aaronbushell1984/golangUdemy/14/deferexample/deferexample.go:39.30,41.25 2 1
github.com/aaronbushell1984/golangUdemy/14/deferexample/deferexample.go:44.2,44.16 1 1
github.com/aaronbushell1984/golangUdemy/14/deferexample/deferexample.go:41.25,43.3 1 1
github.com/aaronbushell1984/golangUdemy/14/deferexample/deferexample.go:51.38,56.2 4 1
github.com/aaronbushell1984/golangUdemy/14/polymorphism/polymorphism.go:51.55,57.2 1 1
github.com/aaronbushell1984/golangUdemy/14/polymorphism/polymorphism.go:60.59,66.2 1 1
github.com/aaronbushell1984/golangUdemy/14/polymorphism/polymorphism.go:71.28,74.2 2 1
github.com/aaronbushell1984/golangUdemy/14/polymorphism/polymorphism.go:79.32,82.2 2 1
github.com/aaronbushell1984/golangUdemy/14/polymorphism/polymorphism.go:86.45,89.2 2 1
github.com/aaronbushell1984/golangUdemy/14/polymorphism/polymorphism.go:98.51,101.2 2 1
github.com/aaronbushell1984/golangUdemy/14/returnfunc/returnfunc.go:18.33,19.20 1 1
github.com/aaronbushell1984/golangUdemy/14/returnfunc/returnfunc.go:19.20,21.3 1 1
github.com/aaronbushell1984/golangUdemy/14/recursion/recursion.go:12.44,13.17 1 1
github.com/aaronbushell1984/golangUdemy/14/recursion/recursion.go:16.2,16.50 1 1
github.com/aaronbushell1984/golangUdemy/14/recursion/recursion.go:13.17,15.3 1 1
github.com/aaronbushell1984/golangUdemy/14/recursion/recursion.go:23.39,25.16 2 1
github.com/aaronbushell1984/golangUdemy/14/recursion/recursion.go:28.2,28.29 1 1
github.com/aaronbushell1984/golangUdemy/14/recursion/recursion.go:31.2,31.12 1 1
github.com/aaronbushell1984/golangUdemy/14/recursion/recursion.go:25.16,27.3 1 1
github.com/aaronbushell1984/golangUdemy/14/recursion/recursion.go:28.29,30.3 1 1
github.com/aaronbushell1984/golangUdemy/14/spread/spread.go:8.52,10.2 1 1
github.com/aaronbushell1984/golangUdemy/14/typeassertion/typeassertion.go:5.35,8.2 2 1
github.com/aaronbushell1984/golangUdemy/14/typeassertion/typeassertion.go:11.39,12.18 1 1
github.com/aaronbushell1984/golangUdemy/14/typeassertion/typeassertion.go:13.18,14.14 1 1
github.com/aaronbushell1984/golangUdemy/14/typeassertion/typeassertion.go:15.10,16.15 1 1
github.com/aaronbushell1984/golangUdemy/15/exercisesix/exercisesix.go:36.34,38.2 1 1
github.com/aaronbushell1984/golangUdemy/15/exercisesix/exercisesix.go:45.52,47.2 1 1
github.com/aaronbushell1984/golangUdemy/15/exercisesix/exercisesix.go:55.33,57.28 2 1
github.com/aaronbushell1984/golangUdemy/15/exercisesix/exercisesix.go:60.2,60.12 1 1
github.com/aaronbushell1984/golangUdemy/15/exercisesix/exercisesix.go:57.28,59.3 1 1
github.com/aaronbushell1984/golangUdemy/15/exercisesix/exercisesix.go:64.32,66.18 2 1
github.com/aaronbushell1984/golangUdemy/15/exercisesix/exercisesix.go:69.2,69.19 1 1
github.com/aaronbushell1984/golangUdemy/15/exercisesix/exercisesix.go:72.2,74.15 3 1
github.com/aaronbushell1984/golangUdemy/15/exercisesix/exercisesix.go:66.18,68.3 1 1
github.com/aaronbushell1984/golangUdemy/15/exercisesix/exercisesix.go:69.19,71.3 1 1
github.com/aaronbushell1984/golangUdemy/15/exercisesix/exercisesix.go:82.32,84.18 2 1
github.com/aaronbushell1984/golangUdemy/15/exercisesix/exercisesix.go:87.2,87.19 1 1
github.com/aaronbushell1984/golangUdemy/15/exercisesix/exercisesix.go:90.2,92.15 3 1
github.com/aaronbushell1984/golangUdemy/15/exercisesix/exercisesix.go:84.18,86.3 1 1
github.com/aaronbushell1984/golangUdemy/15/exercisesix/exercisesix.go:87.19,89.3 1 1
github.com/aaronbushell1984/golangUdemy/15/exercisesix/exercisesix.go:96.49,98.2 1 1
github.com/aaronbushell1984/golangUdemy/15/exercisesix/exercisesix.go:101.48,103.2 1 1
github.com/aaronbushell1984/golangUdemy/15/exercisesix/exercisesix.go:106.34,108.2 1 1
github.com/aaronbushell1984/golangUdemy/15/exercisesix/exercisesix.go:111.33,113.2 1 1
github.com/aaronbushell1984/golangUdemy/15/exercisesix/exercisesix.go:116.31,118.2 1 1
github.com/aaronbushell1984/golangUdemy/15/exercisesix/exercisesix.go:124.38,126.9 2 1
github.com/aaronbushell1984/golangUdemy/15/exercisesix/exercisesix.go:129.2,129.24 1 1
github.com/aaronbushell1984/golangUdemy/15/exercisesix/exercisesix.go:126.9,128.3 1 1
github.com/aaronbushell1984/golangUdemy/15/exercisesix/exercisesix.go:133.36,135.2 1 1
github.com/aaronbushell1984/golangUdemy/15/exercisesix/exercisesix.go:145.33,146.23 1 1
github.com/aaronbushell1984/golangUdemy/15/exercisesix/exercisesix.go:146.23,148.3 1 1
github.com/aaronbushell1984/golangUdemy/15/exercisesix/exercisesix.go:154.49,155.23 1 1
github.com/aaronbushell1984/golangUdemy/15/exercisesix/exercisesix.go:155.23,157.3 1 1
github.com/aaronbushell1984/golangUdemy/15/exercisesix/exercisesix.go:161.53,163.2 1 1
github.com/aaronbushell1984/golangUdemy/15/exercisesix/exercisesix.go:172.27,174.20 2 1
github.com/aaronbushell1984/golangUdemy/15/exercisesix/exercisesix.go:174.20,177.3 2 1
github.com/aaronbushell1984/golangUdemy/14/variadicparameter/variadicparameter.go:8.57,10.2 1 1
github.com/aaronbushell1984/golangUdemy/16/pointers/pointers.go:10.56,12.2 1 1
github.com/aaronbushell1984/golangUdemy/16/pointers/pointers.go:15.46,18.2 2 1
github.com/aaronbushell1984/golangUdemy/16/pointers/pointers.go:28.45,30.2 1 1
github.com/aaronbushell1984/golangUdemy/16/pointers/pointers.go:38.55,42.2 3 1
github.com/aaronbushell1984/golangUdemy/16/pointers/pointers.go:49.39,52.2 2 1
github.com/aaronbushell1984/golangUdemy/16/pointers/pointers.go:60.47,63.2 2 1
github.com/aaronbushell1984/golangUdemy/17/exerciseseven/exerciseseven.go:11.48,13.2 1 1
github.com/aaronbushell1984/golangUdemy/17/exerciseseven/exerciseseven.go:19.31,21.2 1 1
github.com/aaronbushell1984/golangUdemy/18/json/marshal/marshal.go:15.51,22.2 2 1
github.com/aaronbushell1984/golangUdemy/18/json/marshal/marshal.go:25.53,28.2 2 1
github.com/aaronbushell1984/golangUdemy/18/json/marshal/marshal.go:31.50,34.2 2 1
github.com/aaronbushell1984/golangUdemy/18/json/marshal/marshal.go:37.48,40.2 2 1
github.com/aaronbushell1984/golangUdemy/18/sort/sort.go:9.46,12.2 2 1
github.com/aaronbushell1984/golangUdemy/18/sort/sort.go:16.39,18.2 1 1
github.com/aaronbushell1984/golangUdemy/18/sort/sort.go:21.111,22.46 1 1
github.com/aaronbushell1984/golangUdemy/18/sort/sort.go:25.2,25.46 1 1
github.com/aaronbushell1984/golangUdemy/18/sort/sort.go:28.2,28.15 1 1
github.com/aaronbushell1984/golangUdemy/18/sort/sort.go:22.46,24.3 1 1
github.com/aaronbushell1984/golangUdemy/18/sort/sort.go:25.46,27.3 1 1
github.com/aaronbushell1984/golangUdemy/18/sort/sort.go:32.105,33.40 1 1
github.com/aaronbushell1984/golangUdemy/18/sort/sort.go:36.2,36.40 1 1
github.com/aaronbushell1984/golangUdemy/18/sort/sort.go:39.2,39.15 1 1
github.com/aaronbushell1984/golangUdemy/18/sort/sort.go:33.40,35.3 1 1
github.com/aaronbushell1984/golangUdemy/18/sort/sort.go:36.40,38.3 1 1
github.com/aaronbushell1984/golangUdemy/18/json/unmarshal/unmarshal.go:35.57,37.16 2 1
github.com/aaronbushell1984/golangUdemy/18/json/unmarshal/unmarshal.go:40.2,40.17 1 1
github.com/aaronbushell1984/golangUdemy/18/json/unmarshal/unmarshal.go:37.16,39.3 1 0
github.com/aaronbushell1984/golangUdemy/19/exerciseeight/exerciseeight.go:33.39,35.16 2 1
github.com/aaronbushell1984/golangUdemy/19/exerciseeight/exerciseeight.go:38.2,38.25 1 1
github.com/aaronbushell1984/golangUdemy/19/exerciseeight/exerciseeight.go:35.16,37.3 1 0
github.com/aaronbushell1984/golangUdemy/19/exerciseeight/exerciseeight.go:42.57,44.16 2 1
github.com/aaronbushell1984/golangUdemy/19/exerciseeight/exerciseeight.go:47.2,47.10 1 1
github.com/aaronbushell1984/golangUdemy/19/exerciseeight/exerciseeight.go:44.16,46.3 1 0
github.com/aaronbushell1984/golangUdemy/19/exerciseeight/exerciseeight.go:62.39,64.16 2 1
github.com/aaronbushell1984/golangUdemy/19/exerciseeight/exerciseeight.go:64.16,66.3 1 0
github.com/aaronbushell1984/golangUdemy/19/exerciseeight/exerciseeight.go:70.33,72.2 1 1
github.com/aaronbushell1984/golangUdemy/19/exerciseeight/exerciseeight.go:75.36,77.2 1 1
github.com/aaronbushell1984/golangUdemy/19/exerciseeight/exerciseeight.go:80.41,81.46 1 1
github.com/aaronbushell1984/golangUdemy/19/exerciseeight/exerciseeight.go:84.2,84.46 1 1
github.com/aaronbushell1984/golangUdemy/19/exerciseeight/exerciseeight.go:81.46,83.3 1 1
github.com/aaronbushell1984/golangUdemy/19/exerciseeight/exerciseeight.go:84.46,86.3 1 1
github.com/aaronbushell1984/golangUdemy/19/exerciseeight/exerciseeight.go:90.41,91.32 1 1
github.com/aaronbushell1984/golangUdemy/19/exerciseeight/exerciseeight.go:91.32,93.3 1 1
github.com/aaronbushell1984/golangUdemy/20/atomic/atomic.go:27.43,30.27 3 1
github.com/aaronbushell1984/golangUdemy/20/atomic/atomic.go:38.2,39.16 2 1
github.com/aaronbushell1984/golangUdemy/20/atomic/atomic.go:30.27,31.13 1 1
github.com/aaronbushell1984/golangUdemy/20/atomic/atomic.go:31.13,35.4 3 1
github.com/aaronbushell1984/golangUdemy/20/concurrency/concurrency.go:40.42,43.2 2 1
github.com/aaronbushell1984/golangUdemy/20/concurrency/concurrency.go:46.34,49.2 2 1
github.com/aaronbushell1984/golangUdemy/20/concurrency/concurrency.go:52.42,54.2 1 1
github.com/aaronbushell1984/golangUdemy/20/concurrency/concurrency.go:57.31,59.2 1 1
github.com/aaronbushell1984/golangUdemy/20/concurrency/concurrency.go:62.21,64.2 1 1
github.com/aaronbushell1984/golangUdemy/20/concurrency/concurrency.go:67.28,69.2 1 1
github.com/aaronbushell1984/golangUdemy/20/concurrency/concurrency.go:72.34,74.2 1 1
github.com/aaronbushell1984/golangUdemy/20/concurrency/concurrency.go:77.33,79.2 1 1
github.com/aaronbushell1984/golangUdemy/20/concurrency/concurrency.go:82.39,84.2 1 1
github.com/aaronbushell1984/golangUdemy/20/concurrency/concurrency.go:87.50,89.2 1 1
github.com/aaronbushell1984/golangUdemy/20/concurrency/concurrency.go:94.33,96.2 1 1
github.com/aaronbushell1984/golangUdemy/20/concurrency/concurrency.go:108.28,110.12 2 1
github.com/aaronbushell1984/golangUdemy/20/concurrency/concurrency.go:114.2,114.12 1 1
github.com/aaronbushell1984/golangUdemy/20/concurrency/concurrency.go:110.12,113.3 2 1
github.com/aaronbushell1984/golangUdemy/18/writerinterface/writerinterface.go:23.47,25.2 1 1
github.com/aaronbushell1984/golangUdemy/18/writerinterface/writerinterface.go:29.46,31.2 1 1
github.com/aaronbushell1984/golangUdemy/20/racecondition/racecondition.go:23.31,26.27 3 1
github.com/aaronbushell1984/golangUdemy/20/racecondition/racecondition.go:36.2,37.16 2 1
github.com/aaronbushell1984/golangUdemy/20/racecondition/racecondition.go:26.27,27.13 1 1
github.com/aaronbushell1984/golangUdemy/20/racecondition/racecondition.go:27.13,33.4 5 1
github.com/aaronbushell1984/golangUdemy/22/commaokay/commaokay.go:10.77,14.11 4 1
github.com/aaronbushell1984/golangUdemy/22/commaokay/commaokay.go:25.2,25.24 1 1
github.com/aaronbushell1984/golangUdemy/22/commaokay/commaokay.go:14.11,15.27 1 1
github.com/aaronbushell1984/golangUdemy/22/commaokay/commaokay.go:23.3,23.13 1 1
github.com/aaronbushell1984/golangUdemy/22/commaokay/commaokay.go:15.27,16.18 1 1
github.com/aaronbushell1984/golangUdemy/22/commaokay/commaokay.go:19.4,19.18 1 1
github.com/aaronbushell1984/golangUdemy/22/commaokay/commaokay.go:16.18,18.5 1 1
github.com/aaronbushell1984/golangUdemy/22/commaokay/commaokay.go:19.18,21.5 1 1
github.com/aaronbushell1984/golangUdemy/22/commaokay/commaokay.go:33.48,35.12 2 1
github.com/aaronbushell1984/golangUdemy/22/commaokay/commaokay.go:38.2,39.14 2 1
github.com/aaronbushell1984/golangUdemy/22/commaokay/commaokay.go:35.12,37.3 1 1
github.com/aaronbushell1984/golangUdemy/22/commaokay/commaokay.go:43.53,45.12 2 0
github.com/aaronbushell1984/golangUdemy/22/commaokay/commaokay.go:49.2,50.14 2 0
github.com/aaronbushell1984/golangUdemy/22/commaokay/commaokay.go:45.12,48.3 2 0
github.com/aaronbushell1984/golangUdemy/20/mutex/mutex.go:32.40,35.27 3 1
github.com/aaronbushell1984/golangUdemy/20/mutex/mutex.go:46.2,47.16 2 1
github.com/aaronbushell1984/golangUdemy/20/mutex/mutex.go:35.27,36.13 1 1
github.com/aaronbushell1984/golangUdemy/20/mutex/mutex.go:36.13,44.4 7 1
github.com/aaronbushell1984/golangUdemy/20/mutex/mutex.go:55.31,57.27 2 1
github.com/aaronbushell1984/golangUdemy/20/mutex/mutex.go:62.2,62.16 1 1
github.com/aaronbushell1984/golangUdemy/20/mutex/mutex.go:57.27,61.3 3 1
github.com/aaronbushell1984/golangUdemy/22/channels/channels.go:30.25,34.2 3 0
github.com/aaronbushell1984/golangUdemy/22/channels/channels.go:37.49,39.2 1 1
github.com/aaronbushell1984/golangUdemy/22/channels/channels.go:47.40,49.12 2 1
github.com/aaronbushell1984/golangUdemy/22/channels/channels.go:52.2,52.12 1 1
github.com/aaronbushell1984/golangUdemy/22/channels/channels.go:49.12,51.3 1 1
github.com/aaronbushell1984/golangUdemy/22/channels/channels.go:60.41,64.2 3 1
github.com/aaronbushell1984/golangUdemy/22/channels/channels.go:67.47,72.2 4 0
github.com/aaronbushell1984/golangUdemy/21/exercisenine/exercisenine.go:54.31,57.12 3 1
github.com/aaronbushell1984/golangUdemy/21/exercisenine/exercisenine.go:61.2,61.12 1 1
github.com/aaronbushell1984/golangUdemy/21/exercisenine/exercisenine.go:65.2,66.16 2 1
github.com/aaronbushell1984/golangUdemy/21/exercisenine/exercisenine.go:57.12,60.3 2 1
github.com/aaronbushell1984/golangUdemy/21/exercisenine/exercisenine.go:61.12,64.3 2 1
github.com/aaronbushell1984/golangUdemy/21/exercisenine/exercisenine.go:70.33,72.2 1 1
github.com/aaronbushell1984/golangUdemy/21/exercisenine/exercisenine.go:75.32,77.2 1 1
github.com/aaronbushell1984/golangUdemy/21/exercisenine/exercisenine.go:80.37,83.27 3 1
github.com/aaronbushell1984/golangUdemy/21/exercisenine/exercisenine.go:93.2,94.16 2 1
github.com/aaronbushell1984/golangUdemy/21/exercisenine/exercisenine.go:83.27,84.13 1 1
github.com/aaronbushell1984/golangUdemy/21/exercisenine/exercisenine.go:84.13,90.4 5 1
github.com/aaronbushell1984/golangUdemy/21/exercisenine/exercisenine.go:98.46,101.27 3 1
github.com/aaronbushell1984/golangUdemy/21/exercisenine/exercisenine.go:111.2,112.16 2 1
github.com/aaronbushell1984/golangUdemy/21/exercisenine/exercisenine.go:101.27,102.13 1 1
github.com/aaronbushell1984/golangUdemy/21/exercisenine/exercisenine.go:102.13,109.4 6 1
github.com/aaronbushell1984/golangUdemy/21/exercisenine/exercisenine.go:116.49,119.27 3 1
github.com/aaronbushell1984/golangUdemy/21/exercisenine/exercisenine.go:126.2,127.16 2 1
github.com/aaronbushell1984/golangUdemy/21/exercisenine/exercisenine.go:119.27,120.13 1 1
github.com/aaronbushell1984/golangUdemy/21/exercisenine/exercisenine.go:120.13,123.4 2 1
github.com/aaronbushell1984/golangUdemy/21/exercisenine/exercisenine.go:131.21,133.2 1 1
github.com/aaronbushell1984/golangUdemy/21/exercisenine/exercisenine.go:136.23,138.2 1 1
github.com/aaronbushell1984/golangUdemy/22/fanin/fanin.go:12.57,13.26 1 1
github.com/aaronbushell1984/golangUdemy/22/fanin/fanin.go:21.2,22.19 2 1
github.com/aaronbushell1984/golangUdemy/22/fanin/fanin.go:13.26,14.17 1 1
github.com/aaronbushell1984/golangUdemy/22/fanin/fanin.go:17.3,17.17 1 1
github.com/aaronbushell1984/golangUdemy/22/fanin/fanin.go:14.17,16.4 1 1
github.com/aaronbushell1984/golangUdemy/22/fanin/fanin.go:17.17,19.4 1 1
github.com/aaronbushell1984/golangUdemy/22/fanin/fanin.go:26.82,29.12 3 1
github.com/aaronbushell1984/golangUdemy/22/fanin/fanin.go:35.2,35.12 1 1
github.com/aaronbushell1984/golangUdemy/22/fanin/fanin.go:41.2,42.14 2 1
github.com/aaronbushell1984/golangUdemy/22/fanin/fanin.go:29.12,30.23 1 1
github.com/aaronbushell1984/golangUdemy/22/fanin/fanin.go:33.3,33.12 1 1
github.com/aaronbushell1984/golangUdemy/22/fanin/fanin.go:30.23,32.4 1 1
github.com/aaronbushell1984/golangUdemy/22/fanin/fanin.go:35.12,36.22 1 1
github.com/aaronbushell1984/golangUdemy/22/fanin/fanin.go:39.3,39.12 1 1
github.com/aaronbushell1984/golangUdemy/22/fanin/fanin.go:36.22,38.4 1 1
github.com/aaronbushell1984/golangUdemy/22/fanin/fanin.go:46.51,48.11 2 1
github.com/aaronbushell1984/golangUdemy/22/fanin/fanin.go:54.2,54.10 1 1
github.com/aaronbushell1984/golangUdemy/22/fanin/fanin.go:48.11,50.26 2 1
github.com/aaronbushell1984/golangUdemy/22/fanin/fanin.go:50.26,52.4 1 1
github.com/aaronbushell1984/golangUdemy/22/fanin/fanin.go:58.59,60.12 2 1
github.com/aaronbushell1984/golangUdemy/22/fanin/fanin.go:65.2,65.12 1 1
github.com/aaronbushell1984/golangUdemy/22/fanin/fanin.go:70.2,70.10 1 1
github.com/aaronbushell1984/golangUdemy/22/fanin/fanin.go:60.12,61.7 1 1
github.com/aaronbushell1984/golangUdemy/22/fanin/fanin.go:61.7,63.4 1 1
github.com/aaronbushell1984/golangUdemy/22/fanin/fanin.go:65.12,66.7 1 1
github.com/aaronbushell1984/golangUdemy/22/fanin/fanin.go:66.7,68.4 1 1
github.com/aaronbushell1984/golangUdemy/22/directionalchannels/directionalchannels.go:19.45,21.2 1 1
github.com/aaronbushell1984/golangUdemy/22/directionalchannels/directionalchannels.go:24.43,26.2 1 1
github.com/aaronbushell1984/golangUdemy/22/directionalchannels/directionalchannels.go:36.49,43.2 6 1
github.com/aaronbushell1984/golangUdemy/22/directionalchannels/directionalchannels.go:63.45,65.12 2 1
github.com/aaronbushell1984/golangUdemy/22/directionalchannels/directionalchannels.go:70.2,70.10 1 1
github.com/aaronbushell1984/golangUdemy/22/directionalchannels/directionalchannels.go:65.12,69.3 3 1
github.com/aaronbushell1984/golangUdemy/22/rangechannel/rangechannel.go:17.31,20.12 3 1
github.com/aaronbushell1984/golangUdemy/22/rangechannel/rangechannel.go:26.2,26.19 1 1
github.com/aaronbushell1984/golangUdemy/22/rangechannel/rangechannel.go:29.2,29.12 1 1
github.com/aaronbushell1984/golangUdemy/22/rangechannel/rangechannel.go:20.12,21.27 1 1
github.com/aaronbushell1984/golangUdemy/22/rangechannel/rangechannel.go:24.3,24.11 1 1
github.com/aaronbushell1984/golangUdemy/22/rangechannel/rangechannel.go:21.27,23.4 1 1
github.com/aaronbushell1984/golangUdemy/22/rangechannel/rangechannel.go:26.19,28.3 1 1
github.com/aaronbushell1984/golangUdemy/22/rangechannel/rangechannel.go:33.40,35.12 2 1
github.com/aaronbushell1984/golangUdemy/22/rangechannel/rangechannel.go:41.2,41.10 1 1
github.com/aaronbushell1984/golangUdemy/22/rangechannel/rangechannel.go:35.12,37.27 2 1
github.com/aaronbushell1984/golangUdemy/22/rangechannel/rangechannel.go:37.27,39.4 1 1
github.com/aaronbushell1984/golangUdemy/22/selectchannel/selectchannel.go:9.77,13.11 4 1
github.com/aaronbushell1984/golangUdemy/22/selectchannel/selectchannel.go:24.2,24.24 1 1
github.com/aaronbushell1984/golangUdemy/22/selectchannel/selectchannel.go:13.11,14.27 1 1
github.com/aaronbushell1984/golangUdemy/22/selectchannel/selectchannel.go:22.3,22.13 1 1
github.com/aaronbushell1984/golangUdemy/22/selectchannel/selectchannel.go:14.27,15.18 1 1
github.com/aaronbushell1984/golangUdemy/22/selectchannel/selectchannel.go:18.4,18.18 1 1
github.com/aaronbushell1984/golangUdemy/22/selectchannel/selectchannel.go:15.18,17.5 1 1
github.com/aaronbushell1984/golangUdemy/22/selectchannel/selectchannel.go:18.18,20.5 1 1
github.com/aaronbushell1984/golangUdemy/24/errorhandling/errorhandling.go:16.34,18.16 2 1
github.com/aaronbushell1984/golangUdemy/24/errorhandling/errorhandling.go:21.2,21.71 1 1
github.com/aaronbushell1984/golangUdemy/24/errorhandling/errorhandling.go:18.16,20.3 1 0
github.com/aaronbushell1984/golangUdemy/24/errorhandling/errorhandling.go:25.30,28.2 2 1
github.com/aaronbushell1984/golangUdemy/24/errorhandling/errorhandling.go:38.43,40.16 2 1
github.com/aaronbushell1984/golangUdemy/24/errorhandling/errorhandling.go:43.2,43.16 1 0
github.com/aaronbushell1984/golangUdemy/24/errorhandling/errorhandling.go:40.16,42.3 1 1
github.com/aaronbushell1984/golangUdemy/24/errorhandling/errorhandling.go:47.46,50.2 2 1
github.com/aaronbushell1984/golangUdemy/24/errorhandling/errorhandling.go:53.45,54.27 1 1
github.com/aaronbushell1984/golangUdemy/24/errorhandling/errorhandling.go:57.2,57.11 1 1
github.com/aaronbushell1984/golangUdemy/24/errorhandling/errorhandling.go:54.27,56.3 1 1
github.com/aaronbushell1984/golangUdemy/24/errorhandling/errorhandling.go:63.42,74.2 10 1
github.com/aaronbushell1984/golangUdemy/24/errorhandling/errorhandling.go:79.47,81.16 2 1
github.com/aaronbushell1984/golangUdemy/24/errorhandling/errorhandling.go:85.2,87.15 3 1
github.com/aaronbushell1984/golangUdemy/24/errorhandling/errorhandling.go:81.16,84.3 2 1
github.com/aaronbushell1984/golangUdemy/24/errorhandling/errorhandling.go:93.36,95.16 2 1
github.com/aaronbushell1984/golangUdemy/24/errorhandling/errorhandling.go:98.2,98.25 1 1
github.com/aaronbushell1984/golangUdemy/24/errorhandling/errorhandling.go:95.16,97.3 1 1
github.com/aaronbushell1984/golangUdemy/24/errorhandling/errorhandling.go:102.47,104.16 2 1
github.com/aaronbushell1984/golangUdemy/24/errorhandling/errorhandling.go:107.2,109.16 3 1
github.com/aaronbushell1984/golangUdemy/24/errorhandling/errorhandling.go:112.2,112.19 1 1
github.com/aaronbushell1984/golangUdemy/24/errorhandling/errorhandling.go:104.16,106.3 1 1
github.com/aaronbushell1984/golangUdemy/24/errorhandling/errorhandling.go:109.16,111.3 1 0
github.com/aaronbushell1984/golangUdemy/23/exerciseten/exerciseten.go:12.42,14.12 2 1
github.com/aaronbushell1984/golangUdemy/23/exerciseten/exerciseten.go:17.2,17.12 1 1
github.com/aaronbushell1984/golangUdemy/23/exerciseten/exerciseten.go:14.12,16.3 1 1
github.com/aaronbushell1984/golangUdemy/23/exerciseten/exerciseten.go:22.39,26.2 3 1
github.com/aaronbushell1984/golangUdemy/23/exerciseten/exerciseten.go:31.48,33.11 2 1
github.com/aaronbushell1984/golangUdemy/23/exerciseten/exerciseten.go:36.2,36.10 1 1
github.com/aaronbushell1984/golangUdemy/23/exerciseten/exerciseten.go:33.11,35.3 1 1
github.com/aaronbushell1984/golangUdemy/23/exerciseten/exerciseten.go:40.34,42.19 2 1
github.com/aaronbushell1984/golangUdemy/23/exerciseten/exerciseten.go:45.2,45.16 1 1
github.com/aaronbushell1984/golangUdemy/23/exerciseten/exerciseten.go:42.19,44.3 1 1
github.com/aaronbushell1984/golangUdemy/23/exerciseten/exerciseten.go:57.31,59.12 2 1
github.com/aaronbushell1984/golangUdemy/23/exerciseten/exerciseten.go:65.2,65.10 1 1
github.com/aaronbushell1984/golangUdemy/23/exerciseten/exerciseten.go:59.12,60.28 1 1
github.com/aaronbushell1984/golangUdemy/23/exerciseten/exerciseten.go:63.3,63.11 1 1
github.com/aaronbushell1984/golangUdemy/23/exerciseten/exerciseten.go:60.28,62.4 1 1
github.com/aaronbushell1984/golangUdemy/23/exerciseten/exerciseten.go:69.32,71.12 2 1
github.com/aaronbushell1984/golangUdemy/23/exerciseten/exerciseten.go:74.2,74.10 1 1
github.com/aaronbushell1984/golangUdemy/23/exerciseten/exerciseten.go:71.12,73.3 1 1
github.com/aaronbushell1984/golangUdemy/23/exerciseten/exerciseten.go:90.47,92.6 2 1
github.com/aaronbushell1984/golangUdemy/23/exerciseten/exerciseten.go:92.6,93.10 1 1
github.com/aaronbushell1984/golangUdemy/23/exerciseten/exerciseten.go:94.17,95.32 1 1
github.com/aaronbushell1984/golangUdemy/23/exerciseten/exerciseten.go:96.17,98.18 2 1
github.com/aaronbushell1984/golangUdemy/23/exerciseten/exerciseten.go:104.34,106.12 2 1
github.com/aaronbushell1984/golangUdemy/23/exerciseten/exerciseten.go:109.2,110.11 2 1
github.com/aaronbushell1984/golangUdemy/23/exerciseten/exerciseten.go:106.12,108.3 1 1
github.com/aaronbushell1984/golangUdemy/23/exerciseten/exerciseten.go:117.38,119.12 2 1
github.com/aaronbushell1984/golangUdemy/23/exerciseten/exerciseten.go:122.2,126.48 5 1
github.com/aaronbushell1984/golangUdemy/23/exerciseten/exerciseten.go:119.12,121.3 1 1
github.com/aaronbushell1984/golangUdemy/23/exerciseten/exerciseten.go:130.51,132.26 2 1
github.com/aaronbushell1984/golangUdemy/23/exerciseten/exerciseten.go:139.2,139.10 1 1
github.com/aaronbushell1984/golangUdemy/23/exerciseten/exerciseten.go:132.26,133.13 1 1
github.com/aaronbushell1984/golangUdemy/23/exerciseten/exerciseten.go:133.13,134.28 1 1
github.com/aaronbushell1984/golangUdemy/23/exerciseten/exerciseten.go:134.28,136.5 1 1
github.com/aaronbushell1984/golangUdemy/23/exerciseten/exerciseten.go:143.34,145.27 2 1
github.com/aaronbushell1984/golangUdemy/23/exerciseten/exerciseten.go:148.2,148.16 1 1
github.com/aaronbushell1984/golangUdemy/23/exerciseten/exerciseten.go:145.27,147.3 1 1
github.com/aaronbushell1984/golangUdemy/24/errorinfo/errorinfo.go:31.45,33.2 1 1
github.com/aaronbushell1984/golangUdemy/24/errorinfo/errorinfo.go:39.71,40.17 1 1
github.com/aaronbushell1984/golangUdemy/24/errorinfo/errorinfo.go:43.2,43.31 1 1
github.com/aaronbushell1984/golangUdemy/24/errorinfo/errorinfo.go:40.17,42.3 1 1
github.com/aaronbushell1984/golangUdemy/24/errorinfo/errorinfo.go:47.75,48.17 1 1
github.com/aaronbushell1984/golangUdemy/24/errorinfo/errorinfo.go:51.2,51.31 1 1
github.com/aaronbushell1984/golangUdemy/24/errorinfo/errorinfo.go:48.17,50.3 1 1
github.com/aaronbushell1984/golangUdemy/24/errorinfo/errorinfo.go:55.69,56.17 1 1
github.com/aaronbushell1984/golangUdemy/24/errorinfo/errorinfo.go:59.2,59.31 1 1
github.com/aaronbushell1984/golangUdemy/24/errorinfo/errorinfo.go:56.17,58.3 1 1
github.com/aaronbushell1984/golangUdemy/24/errorinfo/errorinfo.go:65.68,66.17 1 1
github.com/aaronbushell1984/golangUdemy/24/errorinfo/errorinfo.go:69.2,69.31 1 1
github.com/aaronbushell1984/golangUdemy/24/errorinfo/errorinfo.go:66.17,68.3 1 1
github.com/aaronbushell1984/golangUdemy/24/errorinfo/errorinfo.go:73.38,75.2 1 1
github.com/aaronbushell1984/golangUdemy/24/logging/logging.go:14.58,16.16 2 1
github.com/aaronbushell1984/golangUdemy/24/logging/logging.go:19.2,21.16 3 1
github.com/aaronbushell1984/golangUdemy/24/logging/logging.go:24.2,25.54 2 1
github.com/aaronbushell1984/golangUdemy/24/logging/logging.go:16.16,18.3 1 0
github.com/aaronbushell1984/golangUdemy/24/logging/logging.go:21.16,23.3 1 1
github.com/aaronbushell1984/golangUdemy/24/logging/logging.go:33.56,35.16 2 1
github.com/aaronbushell1984/golangUdemy/24/logging/logging.go:39.2,41.16 3 1
github.com/aaronbushell1984/golangUdemy/24/logging/logging.go:45.2,46.54 2 1
github.com/aaronbushell1984/golangUdemy/24/logging/logging.go:35.16,38.3 2 0
github.com/aaronbushell1984/golangUdemy/24/logging/logging.go:41.16,44.3 2 1
github.com/aaronbushell1984/golangUdemy/24/logging/logging.go:56.64,58.16 2 1
github.com/aaronbushell1984/golangUdemy/24/logging/logging.go:62.2,65.16 4 1
github.com/aaronbushell1984/golangUdemy/24/logging/logging.go:69.2,70.54 2 1
github.com/aaronbushell1984/golangUdemy/24/logging/logging.go:58.16,61.3 2 0
github.com/aaronbushell1984/golangUdemy/24/logging/logging.go:65.16,68.3 2 1
github.com/aaronbushell1984/golangUdemy/24/logging/logging.go:81.69,83.16 2 1
github.com/aaronbushell1984/golangUdemy/24/logging/logging.go:87.2,90.16 4 1
github.com/aaronbushell1984/golangUdemy/24/logging/logging.go:94.2,95.54 2 1
github.com/aaronbushell1984/golangUdemy/24/logging/logging.go:83.16,86.3 2 0
github.com/aaronbushell1984/golangUdemy/24/logging/logging.go:90.16,93.3 1 1
github.com/aaronbushell1984/golangUdemy/24/logging/logging.go:105.69,107.16 2 1
github.com/aaronbushell1984/golangUdemy/24/logging/logging.go:111.2,114.16 4 1
github.com/aaronbushell1984/golangUdemy/24/logging/logging.go:118.2,119.54 2 1
github.com/aaronbushell1984/golangUdemy/24/logging/logging.go:107.16,110.3 2 0
github.com/aaronbushell1984/golangUdemy/24/logging/logging.go:114.16,117.3 1 1
github.com/aaronbushell1984/golangUdemy/24/logging/logging.go:127.63,129.16 2 1
github.com/aaronbushell1984/golangUdemy/24/logging/logging.go:133.2,135.16 3 1
github.com/aaronbushell1984/golangUdemy/24/logging/logging.go:138.2,139.54 2 1
github.com/aaronbushell1984/golangUdemy/24/logging/logging.go:129.16,130.13 1 0
github.com/aaronbushell1984/golangUdemy/24/logging/logging.go:135.16,136.13 1 0
github.com/aaronbushell1984/golangUdemy/22/fanout/fanout.go:18.38,19.29 1 1
github.com/aaronbushell1984/golangUdemy/22/fanout/fanout.go:22.2,22.10 1 1
github.com/aaronbushell1984/golangUdemy/22/fanout/fanout.go:19.29,21.3 1 1
github.com/aaronbushell1984/golangUdemy/22/fanout/fanout.go:28.39,33.2 4 1
github.com/aaronbushell1984/golangUdemy/22/fanout/fanout.go:49.63,51.39 2 1
github.com/aaronbushell1984/golangUdemy/22/fanout/fanout.go:58.2,59.23 2 1
github.com/aaronbushell1984/golangUdemy/22/fanout/fanout.go:51.39,53.19 2 1
github.com/aaronbushell1984/golangUdemy/22/fanout/fanout.go:53.19,56.4 2 1
github.com/aaronbushell1984/golangUdemy/22/fanout/fanout.go:63.54,69.25 6 1
github.com/aaronbushell1984/golangUdemy/22/fanout/fanout.go:72.2,73.16 2 1
github.com/aaronbushell1984/golangUdemy/22/fanout/fanout.go:69.25,71.3 1 1
github.com/aaronbushell1984/golangUdemy/22/fanout/fanout.go:83.51,85.29 2 1
github.com/aaronbushell1984/golangUdemy/22/fanout/fanout.go:88.2,88.16 1 1
github.com/aaronbushell1984/golangUdemy/22/fanout/fanout.go:85.29,87.3 1 1
github.com/aaronbushell1984/golangUdemy/22/fanout/fanout.go:94.94,97.32 3 1
github.com/aaronbushell1984/golangUdemy/22/fanout/fanout.go:107.2,108.23 2 1
github.com/aaronbushell1984/golangUdemy/22/fanout/fanout.go:97.32,98.13 1 1
github.com/aaronbushell1984/golangUdemy/22/fanout/fanout.go:98.13,99.41 1 1
github.com/aaronbushell1984/golangUdemy/22/fanout/fanout.go:104.4,104.13 1 1
github.com/aaronbushell1984/golangUdemy/22/fanout/fanout.go:99.41,100.18 1 1
github.com/aaronbushell1984/golangUdemy/22/fanout/fanout.go:100.18,102.6 1 1
github.com/aaronbushell1984/golangUdemy/22/fanout/fanout.go:118.73,124.32 6 1
github.com/aaronbushell1984/golangUdemy/22/fanout/fanout.go:127.2,128.16 2 1
github.com/aaronbushell1984/golangUdemy/22/fanout/fanout.go:124.32,126.3 1 1
github.com/aaronbushell1984/golangUdemy/25/exerciseeleven/exerciseeleven.go:33.46,35.16 2 1
github.com/aaronbushell1984/golangUdemy/25/exerciseeleven/exerciseeleven.go:38.2,38.24 1 1
github.com/aaronbushell1984/golangUdemy/25/exerciseeleven/exerciseeleven.go:35.16,37.3 1 0
github.com/aaronbushell1984/golangUdemy/25/exerciseeleven/exerciseeleven.go:43.43,45.16 2 1
github.com/aaronbushell1984/golangUdemy/25/exerciseeleven/exerciseeleven.go:48.2,48.24 1 1
github.com/aaronbushell1984/golangUdemy/25/exerciseeleven/exerciseeleven.go:45.16,47.3 1 0
github.com/aaronbushell1984/golangUdemy/25/exerciseeleven/exerciseeleven.go:54.35,56.2 1 1
github.com/aaronbushell1984/golangUdemy/25/exerciseeleven/exerciseeleven.go:67.54,69.28 2 1
github.com/aaronbushell1984/golangUdemy/25/exerciseeleven/exerciseeleven.go:77.2,77.18 1 1
github.com/aaronbushell1984/golangUdemy/25/exerciseeleven/exerciseeleven.go:69.28,70.17 1 1
github.com/aaronbushell1984/golangUdemy/25/exerciseeleven/exerciseeleven.go:73.3,73.13 1 1
github.com/aaronbushell1984/golangUdemy/25/exerciseeleven/exerciseeleven.go:70.17,72.4 1 1
github.com/aaronbushell1984/golangUdemy/25/exerciseeleven/exerciseeleven.go:73.13,75.4 1 1
github.com/aaronbushell1984/golangUdemy/25/exerciseeleven/exerciseeleven.go:86.32,88.2 1 1
github.com/aaronbushell1984/golangUdemy/25/exerciseeleven/exerciseeleven.go:91.36,93.2 1 1
github.com/aaronbushell1984/golangUdemy/25/exerciseeleven/exerciseeleven.go:96.39,97.12 1 1
github.com/aaronbushell1984/golangUdemy/25/exerciseeleven/exerciseeleven.go:101.2,101.26 1 1
github.com/aaronbushell1984/golangUdemy/25/exerciseeleven/exerciseeleven.go:97.12,100.3 2 1
github.com/aaronbushell1984/golangUdemy/24/recover/recoverexample.go:9.37,10.11 1 1
github.com/aaronbushell1984/golangUdemy/24/recover/recoverexample.go:14.2,16.32 3 1
github.com/aaronbushell1984/golangUdemy/24/recover/recoverexample.go:10.11,12.30 2 1
github.com/aaronbushell1984/golangUdemy/24/recover/recoverexample.go:28.38,29.15 1 1
github.com/aaronbushell1984/golangUdemy/24/recover/recoverexample.go:34.2,36.11 3 1
github.com/aaronbushell1984/golangUdemy/24/recover/recoverexample.go:29.15,30.31 1 1
github.com/aaronbushell1984/golangUdemy/24/recover/recoverexample.go:30.31,32.4 1 1
github.com/aaronbushell1984/golangUdemy/24/recover/recoverexample.go:40.52,43.2 2 1
github.com/aaronbushell1984/golangUdemy/28/tabletests/tabletests.go:24.30,26.28 2 1
github.com/aaronbushell1984/golangUdemy/28/tabletests/tabletests.go:29.2,29.12 1 1
github.com/aaronbushell1984/golangUdemy/28/tabletests/tabletests.go:26.28,28.3 1 1
github.com/aaronbushell1984/golangUdemy/26/docs/docs.go:6.37,8.2 1 1
github.com/aaronbushell1984/golangUdemy/4-5/dependency/dependency.go:7.31,9.2 1 1
github.com/aaronbushell1984/golangUdemy/4-5/exampletypes/exampletypes.go:14.50,16.2 1 1
github.com/aaronbushell1984/golangUdemy/4-5/exampletypes/exampletypes.go:23.51,25.2 1 1
github.com/aaronbushell1984/golangUdemy/4-5/exercises/excercises.go:5.36,10.2 4 1
github.com/aaronbushell1984/golangUdemy/4-5/exercises/excercises.go:16.43,18.2 1 1
github.com/aaronbushell1984/golangUdemy/4-5/exercises/excercises.go:24.42,27.2 2 1
github.com/aaronbushell1984/golangUdemy/4-5/exercises/excercises.go:29.60,31.2 1 1
github.com/aaronbushell1984/golangUdemy/4-5/exercises/excercises.go:33.59,35.2 1 1
github.com/aaronbushell1984/golangUdemy/4-5/examplefmt/examplefmt.go:14.69,17.2 2 1
github.com/aaronbushell1984/golangUdemy/4-5/examplefmt/examplefmt.go:24.70,27.2 2 1
github.com/aaronbushell1984/golangUdemy/4-5/examplefmt/examplefmt.go:34.42,36.2 1 1
github.com/aaronbushell1984/golangUdemy/4-5/examplefmt/examplefmt.go:43.47,45.2 1 1
github.com/aaronbushell1984/golangUdemy/4-5/examplefmt/examplefmt.go:52.52,54.2 1 1
github.com/aaronbushell1984/golangUdemy/4-5/module/module.go:3.27,5.2 1 1
github.com/aaronbushell1984/golangUdemy/4-5/printlnreturns/printlnreturns.go:15.35,18.2 2 1
github.com/aaronbushell1984/golangUdemy/4-5/printlnreturns/printlnreturns.go:27.36,31.2 2 1
github.com/aaronbushell1984/golangUdemy/4-5/stringliteral/stringliteral.go:3.42,6.2 1 1
github.com/aaronbushell1984/golangUdemy/4-5/stringraw/stringraw.go:3.41,6.2 1 1
github.com/aaronbushell1984/golangUdemy/4-5/userdefinedtype/userdefinedtype.go:8.43,10.2 1 1
github.com/aaronbushell1984/golangUdemy/4-5/userdefinedtype/userdefinedtype.go:12.53,14.2 1 1
github.com/aaronbushell1984/golangUdemy/4-5/userdefinedtype/userdefinedtype.go:21.60,24.2 2 1
github.com/aaronbushell1984/golangUdemy/4-5/variables/variables.go:5.35,13.2 4 1
github.com/aaronbushell1984/golangUdemy/4-5/variables/variables.go:15.35,20.2 2 1
github.com/aaronbushell1984/golangUdemy/4-5/variables/variables.go:22.33,26.2 2 1
github.com/aaronbushell1984/golangUdemy/4-5/variables/variables.go:31.35,33.2 1 1
github.com/aaronbushell1984/golangUdemy/4-5/variables/variables.go:39.35,41.2 1 1
github.com/aaronbushell1984/golangUdemy/4-5/variables/variables.go:43.41,45.2 1 1
github.com/aaronbushell1984/golangUdemy/6/iotas/iotas.go:7.36,15.2 2 1
github.com/aaronbushell1984/golangUdemy/6/iotas/iotas.go:26.37,33.9 2 1
github.com/aaronbushell1984/golangUdemy/6/iotas/iotas.go:34.20,35.24 1 1
github.com/aaronbushell1984/golangUdemy/6/iotas/iotas.go:36.20,37.24 1 1
github.com/aaronbushell1984/golangUdemy/6/iotas/iotas.go:38.20,39.24 1 1
github.com/aaronbushell1984/golangUdemy/6/iotas/iotas.go:40.10,41.48 1 1
github.com/aaronbushell1984/golangUdemy/6/exampleconsts/exampleconsts.go:18.37,21.2 2 1
github.com/aaronbushell1984/golangUdemy/6/exampleconsts/exampleconsts.go:24.35,27.2 2 1
github.com/aaronbushell1984/golangUdemy/6/numerictypes/numerictypes.go:5.40,7.2 1 1
github.com/aaronbushell1984/golangUdemy/6/operators/operators.go:3.43,5.2 1 1
github.com/aaronbushell1984/golangUdemy/6/operators/operators.go:7.48,9.2 1 1
github.com/aaronbushell1984/golangUdemy/6/stringtypes/stringtypes.go:10.45,12.2 1 1
github.com/aaronbushell1984/golangUdemy/6/stringtypes/stringtypes.go:15.56,18.2 2 1
github.com/aaronbushell1984/golangUdemy/6/stringtypes/stringtypes.go:24.45,27.2 1 1
github.com/aaronbushell1984/golangUdemy/6/stringtypes/stringtypes.go:30.45,32.30 2 1
github.com/aaronbushell1984/golangUdemy/6/stringtypes/stringtypes.go:36.2,37.12 2 1
github.com/aaronbushell1984/golangUdemy/6/stringtypes/stringtypes.go:32.30,35.3 2 1
github.com/aaronbushell1984/golangUdemy/7/exercisetwo/exercisetwo.go:7.43,9.2 1 1
github.com/aaronbushell1984/golangUdemy/7/exercisetwo/exercisetwo.go:12.38,13.9 1 1
github.com/aaronbushell1984/golangUdemy/7/exercisetwo/exercisetwo.go:14.15,15.14 1 1
github.com/aaronbushell1984/golangUdemy/7/exercisetwo/exercisetwo.go:16.10,17.15 1 1
github.com/aaronbushell1984/golangUdemy/7/exercisetwo/exercisetwo.go:22.43,23.9 1 1
github.com/aaronbushell1984/golangUdemy/7/exercisetwo/exercisetwo.go:24.15,25.14 1 1
github.com/aaronbushell1984/golangUdemy/7/exercisetwo/exercisetwo.go:26.10,27.15 1 1
github.com/aaronbushell1984/golangUdemy/7/exercisetwo/exercisetwo.go:32.46,33.9 1 1
github.com/aaronbushell1984/golangUdemy/7/exercisetwo/exercisetwo.go:34.15,35.14 1 1
github.com/aaronbushell1984/golangUdemy/7/exercisetwo/exercisetwo.go:36.10,37.15 1 1
github.com/aaronbushell1984/golangUdemy/7/exercisetwo/exercisetwo.go:42.40,43.9 1 1
github.com/aaronbushell1984/golangUdemy/7/exercisetwo/exercisetwo.go:44.15,45.14 1 1
github.com/aaronbushell1984/golangUdemy/7/exercisetwo/exercisetwo.go:46.10,47.15 1 1
github.com/aaronbushell1984/golangUdemy/7/exercisetwo/exercisetwo.go:52.40,53.9 1 1
github.com/aaronbushell1984/golangUdemy/7/exercisetwo/exercisetwo.go:54.14,55.14 1 1
github.com/aaronbushell1984/golangUdemy/7/exercisetwo/exercisetwo.go:56.10,57.15 1 1
github.com/aaronbushell1984/golangUdemy/7/exercisetwo/exercisetwo.go:62.43,63.9 1 1
github.com/aaronbushell1984/golangUdemy/7/exercisetwo/exercisetwo.go:64.14,65.14 1 1
github.com/aaronbushell1984/golangUdemy/7/exercisetwo/exercisetwo.go:66.10,67.15 1 1
github.com/aaronbushell1984/golangUdemy/7/exercisetwo/exercisetwo.go:79.40,86.2 2 1
github.com/aaronbushell1984/golangUdemy/7/exercisetwo/exercisetwo.go:89.51,94.2 4 1
github.com/aaronbushell1984/golangUdemy/7/exercisetwo/exercisetwo.go:109.48,111.2 1 1
github.com/aaronbushell1984/golangUdemy/7/exercisetwo/exercisetwo.go:114.43,127.2 6 1
github.com/aaronbushell1984/golangUdemy/8/conditionals/conditionals.go:11.70,12.9 1 1
github.com/aaronbushell1984/golangUdemy/8/conditionals/conditionals.go:16.2,16.13 1 1
github.com/aaronbushell1984/golangUdemy/8/conditionals/conditionals.go:13.21,14.46 1 1
github.com/aaronbushell1984/golangUdemy/8/conditionals/conditionals.go:26.89,27.39 1 1
github.com/aaronbushell1984/golangUdemy/8/conditionals/conditionals.go:30.2,30.13 1 1
github.com/aaronbushell1984/golangUdemy/8/conditionals/conditionals.go:27.39,29.3 1 1
github.com/aaronbushell1984/golangUdemy/8/conditionals/conditionals.go:58.49,60.9 2 1
github.com/aaronbushell1984/golangUdemy/8/conditionals/conditionals.go:73.2,73.15 1 1
github.com/aaronbushell1984/golangUdemy/8/conditionals/conditionals.go:61.38,62.22 1 1
github.com/aaronbushell1984/golangUdemy/8/conditionals/conditionals.go:63.21,65.14 2 1
github.com/aaronbushell1984/golangUdemy/8/conditionals/conditionals.go:66.19,67.27 1 1
github.com/aaronbushell1984/golangUdemy/8/conditionals/conditionals.go:68.21,69.19 1 1
github.com/aaronbushell1984/golangUdemy/8/conditionals/conditionals.go:70.10,71.21 1 1
github.com/aaronbushell1984/golangUdemy/9/exercisethree/exercisethree.go:7.38,9.30 2 1
github.com/aaronbushell1984/golangUdemy/9/exercisethree/exercisethree.go:12.2,12.35 1 1
github.com/aaronbushell1984/golangUdemy/9/exercisethree/exercisethree.go:9.30,11.3 1 1
github.com/aaronbushell1984/golangUdemy/9/exercisethree/exercisethree.go:19.59,21.28 2 1
github.com/aaronbushell1984/golangUdemy/9/exercisethree/exercisethree.go:28.2,28.34 1 1
github.com/aaronbushell1984/golangUdemy/9/exercisethree/exercisethree.go:21.28,24.26 2 1
github.com/aaronbushell1984/golangUdemy/9/exercisethree/exercisethree.go:24.26,26.4 1 1
github.com/aaronbushell1984/golangUdemy/9/exercisethree/exercisethree.go:32.40,34.17 2 1
github.com/aaronbushell1984/golangUdemy/9/exercisethree/exercisethree.go:37.2,37.32 1 1
github.com/aaronbushell1984/golangUdemy/9/exercisethree/exercisethree.go:40.2,40.15 1 1
github.com/aaronbushell1984/golangUdemy/9/exercisethree/exercisethree.go:34.17,36.3 1 1
github.com/aaronbushell1984/golangUdemy/9/exercisethree/exercisethree.go:37.32,39.3 1 1
github.com/aaronbushell1984/golangUdemy/9/exercisethree/exercisethree.go:44.58,46.9 2 1
github.com/aaronbushell1984/golangUdemy/9/exercisethree/exercisethree.go:50.2,50.32 1 1
github.com/aaronbushell1984/golangUdemy/9/exercisethree/exercisethree.go:54.2,54.19 1 1
github.com/aaronbushell1984/golangUdemy/9/exercisethree/exercisethree.go:47.19,48.20 1 1
github.com/aaronbushell1984/golangUdemy/9/exercisethree/exercisethree.go:50.32,53.3 2 1
github.com/aaronbushell1984/golangUdemy/9/exercisethree/exercisethree.go:58.54,59.19 1 1
github.com/aaronbushell1984/golangUdemy/9/exercisethree/exercisethree.go:67.2,67.33 1 1
github.com/aaronbushell1984/golangUdemy/9/exercisethree/exercisethree.go:60.18,61.39 1 1
github.com/aaronbushell1984/golangUdemy/9/exercisethree/exercisethree.go:62.16,63.35 1 1
github.com/aaronbushell1984/golangUdemy/9/exercisethree/exercisethree.go:64.14,65.23 1 1
github.com/aaronbushell1984/golangUdemy/8/loops/loops.go:10.49,12.32 2 1
github.com/aaronbushell1984/golangUdemy/8/loops/loops.go:15.2,15.16 1 1
github.com/aaronbushell1984/golangUdemy/8/loops/loops.go:12.32,14.3 1 1
github.com/aaronbushell1984/golangUdemy/8/loops/loops.go:19.40,21.26 2 1
github.com/aaronbushell1984/golangUdemy/8/loops/loops.go:27.2,27.16 1 1
github.com/aaronbushell1984/golangUdemy/8/loops/loops.go:21.26,22.27 1 1
github.com/aaronbushell1984/golangUdemy/8/loops/loops.go:22.27,25.4 2 1
github.com/aaronbushell1984/golangUdemy/8/loops/loops.go:37.37,40.14 3 1
github.com/aaronbushell1984/golangUdemy/8/loops/loops.go:44.2,44.28 1 1
github.com/aaronbushell1984/golangUdemy/8/loops/loops.go:40.14,43.3 2 1
github.com/aaronbushell1984/golangUdemy/8/loops/loops.go:57.46,60.6 3 1
github.com/aaronbushell1984/golangUdemy/8/loops/loops.go:67.2,67.28 1 1
github.com/aaronbushell1984/golangUdemy/8/loops/loops.go:60.6,61.13 1 1
github.com/aaronbushell1984/golangUdemy/8/loops/loops.go:64.3,65.6 2 1
github.com/aaronbushell1984/golangUdemy/8/loops/loops.go:61.13,62.9 1 1
github.com/aaronbushell1984/golangUdemy/8/loops/loops.go:81.63,82.17 1 1
github.com/aaronbushell1984/golangUdemy/8/loops/loops.go:85.2,86.32 2 1
github.com/aaronbushell1984/golangUdemy/8/loops/loops.go:94.2,94.26 1 1
github.com/aaronbushell1984/golangUdemy/8/loops/loops.go:82.17,84.3 1 1
github.com/aaronbushell1984/golangUdemy/8/loops/loops.go:86.32,87.13 1 1
github.com/aaronbushell1984/golangUdemy/8/loops/loops.go:90.3,90.15 1 1
github.com/aaronbushell1984/golangUdemy/8/loops/loops.go:87.13,88.12 1 1
github.com/aaronbushell1984/golangUdemy/8/loops/loops.go:90.15,92.4 1 1
github.com/aaronbushell1984/golangUdemy/8/loops/loops.go:98.64,99.9 1 1
github.com/aaronbushell1984/golangUdemy/8/loops/loops.go:106.2,107.32 2 1
github.com/aaronbushell1984/golangUdemy/8/loops/loops.go:110.2,110.33 1 1
github.com/aaronbushell1984/golangUdemy/8/loops/loops.go:100.18,101.58 1 1
github.com/aaronbushell1984/golangUdemy/8/loops/loops.go:102.19,103.63 1 1
github.com/aaronbushell1984/golangUdemy/8/loops/loops.go:107.32,109.3 1 1
github.com/aaronbushell1984/golangUdemy/22/contextexample/contextexample.go:19.49,21.2 1 1
github.com/aaronbushell1984/golangUdemy/22/contextexample/contextexample.go:24.57,26.2 1 1
github.com/aaronbushell1984/golangUdemy/22/contextexample/contextexample.go:29.50,31.2 1 1
github.com/aaronbushell1984/golangUdemy/22/contextexample/contextexample.go:39.62,43.2 3 1
github.com/aaronbushell1984/golangUdemy/22/contextexample/contextexample.go:48.41,51.12 3 1
github.com/aaronbushell1984/golangUdemy/22/contextexample/contextexample.go:64.2,66.16 3 1
github.com/aaronbushell1984/golangUdemy/22/contextexample/contextexample.go:51.12,53.7 2 1
github.com/aaronbushell1984/golangUdemy/22/contextexample/contextexample.go:53.7,54.11 1 1
github.com/aaronbushell1984/golangUdemy/22/contextexample/contextexample.go:55.22,56.11 1 0
github.com/aaronbushell1984/golangUdemy/22/contextexample/contextexample.go:57.12,60.33 3 1
